# JRE version: Java(TM) SE Runtime Environment (8.0_74-b02) (build 1.8.0_74-b02)
# Java VM: Java HotSpot(TM) 64-Bit Server VM (25.74-b02 mixed mode windows-amd64 compressed oops)
Heap:
 PSYoungGen      total 210944K, used 187222K [0x00000000e0000000, 0x00000000f0e00000, 0x0000000100000000)
  eden space 189440K, 94% used [0x00000000e0000000,0x00000000eae48e90,0x00000000eb900000)
  from space 21504K, 40% used [0x00000000ecd80000,0x00000000ed60c978,0x00000000ee280000)
  to   space 20992K, 0% used [0x00000000eb900000,0x00000000eb900000,0x00000000ecd80000)
 ParOldGen       total 89600K, used 40439K [0x00000000a0000000, 0x00000000a5780000, 0x00000000e0000000)
  object space 89600K, 45% used [0x00000000a0000000,0x00000000a277ddc0,0x00000000a5780000)
 Metaspace       used 58199K, capacity 60612K, committed 60800K, reserved 1101824K
  class space    used 7964K, capacity 8469K, committed 8576K, reserved 1048576K
GC Heap History (10 events):
Event: 13.558 GC heap before
{Heap before GC invocations=11 (full 2):
 PSYoungGen      total 155648K, used 143872K [0x00000000e0000000, 0x00000000eb780000, 0x0000000100000000)
  eden space 143872K, 100% used [0x00000000e0000000,0x00000000e8c80000,0x00000000e8c80000)
  from space 11776K, 0% used [0x00000000e9780000,0x00000000e9780000,0x00000000ea300000)
  to   space 11264K, 0% used [0x00000000e8c80000,0x00000000e8c80000,0x00000000e9780000)
 ParOldGen       total 89600K, used 15058K [0x00000000a0000000, 0x00000000a5780000, 0x00000000e0000000)
  object space 89600K, 16% used [0x00000000a0000000,0x00000000a0eb4828,0x00000000a5780000)
 Metaspace       used 43999K, capacity 45138K, committed 45312K, reserved 1087488K
  class space    used 6009K, capacity 6287K, committed 6400K, reserved 1048576K
Event: 13.584 GC heap after
Heap after GC invocations=11 (full 2):
 PSYoungGen      total 155136K, used 11238K [0x00000000e0000000, 0x00000000ed400000, 0x0000000100000000)
  eden space 143872K, 0% used [0x00000000e0000000,0x00000000e0000000,0x00000000e8c80000)
  from space 11264K, 99% used [0x00000000e8c80000,0x00000000e9779b10,0x00000000e9780000)
  to   space 13312K, 0% used [0x00000000ec700000,0x00000000ec700000,0x00000000ed400000)
 ParOldGen       total 89600K, used 17529K [0x00000000a0000000, 0x00000000a5780000, 0x00000000e0000000)
  object space 89600K, 19% used [0x00000000a0000000,0x00000000a111e5c0,0x00000000a5780000)
 Metaspace       used 43999K, capacity 45138K, committed 45312K, reserved 1087488K
  class space    used 6009K, capacity 6287K, committed 6400K, reserved 1048576K
}
Event: 15.723 GC heap before
{Heap before GC invocations=12 (full 2):
 PSYoungGen      total 155136K, used 155110K [0x00000000e0000000, 0x00000000ed400000, 0x0000000100000000)
  eden space 143872K, 100% used [0x00000000e0000000,0x00000000e8c80000,0x00000000e8c80000)
  from space 11264K, 99% used [0x00000000e8c80000,0x00000000e9779b10,0x00000000e9780000)
  to   space 13312K, 0% used [0x00000000ec700000,0x00000000ec700000,0x00000000ed400000)
 ParOldGen       total 89600K, used 17529K [0x00000000a0000000, 0x00000000a5780000, 0x00000000e0000000)
  object space 89600K, 19% used [0x00000000a0000000,0x00000000a111e5c0,0x00000000a5780000)
 Metaspace       used 50999K, capacity 52742K, committed 52864K, reserved 1095680K
  class space    used 7102K, capacity 7467K, committed 7552K, reserved 1048576K
Event: 15.764 GC heap after
Heap after GC invocations=12 (full 2):
 PSYoungGen      total 197632K, used 13312K [0x00000000e0000000, 0x00000000ede80000, 0x0000000100000000)
  eden space 184320K, 0% used [0x00000000e0000000,0x00000000e0000000,0x00000000eb400000)
  from space 13312K, 100% used [0x00000000ec700000,0x00000000ed400000,0x00000000ed400000)
  to   space 19456K, 0% used [0x00000000eb400000,0x00000000eb400000,0x00000000ec700000)
 ParOldGen       total 89600K, used 29899K [0x00000000a0000000, 0x00000000a5780000, 0x00000000e0000000)
  object space 89600K, 33% used [0x00000000a0000000,0x00000000a1d32d50,0x00000000a5780000)
 Metaspace       used 50999K, capacity 52742K, committed 52864K, reserved 1095680K
  class space    used 7102K, capacity 7467K, committed 7552K, reserved 1048576K
}
Event: 16.319 GC heap before
{Heap before GC invocations=13 (full 2):
 PSYoungGen      total 197632K, used 60957K [0x00000000e0000000, 0x00000000ede80000, 0x0000000100000000)
  eden space 184320K, 25% used [0x00000000e0000000,0x00000000e2e87540,0x00000000eb400000)
  from space 13312K, 100% used [0x00000000ec700000,0x00000000ed400000,0x00000000ed400000)
  to   space 19456K, 0% used [0x00000000eb400000,0x00000000eb400000,0x00000000ec700000)
 ParOldGen       total 89600K, used 29899K [0x00000000a0000000, 0x00000000a5780000, 0x00000000e0000000)
  object space 89600K, 33% used [0x00000000a0000000,0x00000000a1d32d50,0x00000000a5780000)
 Metaspace       used 52039K, capacity 53978K, committed 54144K, reserved 1095680K
  class space    used 7277K, capacity 7722K, committed 7808K, reserved 1048576K
Event: 16.366 GC heap after
Heap after GC invocations=13 (full 2):
 PSYoungGen      total 203776K, used 18815K [0x00000000e0000000, 0x00000000ee280000, 0x0000000100000000)
  eden space 184320K, 0% used [0x00000000e0000000,0x00000000e0000000,0x00000000eb400000)
  from space 19456K, 96% used [0x00000000eb400000,0x00000000ec65fd68,0x00000000ec700000)
  to   space 21504K, 0% used [0x00000000ecd80000,0x00000000ecd80000,0x00000000ee280000)
 ParOldGen       total 89600K, used 29907K [0x00000000a0000000, 0x00000000a5780000, 0x00000000e0000000)
  object space 89600K, 33% used [0x00000000a0000000,0x00000000a1d34d50,0x00000000a5780000)
 Metaspace       used 52039K, capacity 53978K, committed 54144K, reserved 1095680K
  class space    used 7277K, capacity 7722K, committed 7808K, reserved 1048576K
}
Event: 16.366 GC heap before
{Heap before GC invocations=14 (full 3):
 PSYoungGen      total 203776K, used 18815K [0x00000000e0000000, 0x00000000ee280000, 0x0000000100000000)
  eden space 184320K, 0% used [0x00000000e0000000,0x00000000e0000000,0x00000000eb400000)
  from space 19456K, 96% used [0x00000000eb400000,0x00000000ec65fd68,0x00000000ec700000)
  to   space 21504K, 0% used [0x00000000ecd80000,0x00000000ecd80000,0x00000000ee280000)
 ParOldGen       total 89600K, used 29907K [0x00000000a0000000, 0x00000000a5780000, 0x00000000e0000000)
  object space 89600K, 33% used [0x00000000a0000000,0x00000000a1d34d50,0x00000000a5780000)
 Metaspace       used 52039K, capacity 53978K, committed 54144K, reserved 1095680K
  class space    used 7277K, capacity 7722K, committed 7808K, reserved 1048576K
Event: 16.843 GC heap after
Heap after GC invocations=14 (full 3):
 PSYoungGen      total 203776K, used 0K [0x00000000e0000000, 0x00000000ee280000, 0x0000000100000000)
  eden space 184320K, 0% used [0x00000000e0000000,0x00000000e0000000,0x00000000eb400000)
  from space 19456K, 0% used [0x00000000eb400000,0x00000000eb400000,0x00000000ec700000)
  to   space 21504K, 0% used [0x00000000ecd80000,0x00000000ecd80000,0x00000000ee280000)
 ParOldGen       total 89600K, used 40431K [0x00000000a0000000, 0x00000000a5780000, 0x00000000e0000000)
  object space 89600K, 45% used [0x00000000a0000000,0x00000000a277bdc0,0x00000000a5780000)
 Metaspace       used 52039K, capacity 53978K, committed 54144K, reserved 1095680K
  class space    used 7277K, capacity 7722K, committed 7808K, reserved 1048576K
}
Event: 28.004 GC heap before
{Heap before GC invocations=15 (full 3):
 PSYoungGen      total 203776K, used 184320K [0x00000000e0000000, 0x00000000ee280000, 0x0000000100000000)
  eden space 184320K, 100% used [0x00000000e0000000,0x00000000eb400000,0x00000000eb400000)
  from space 19456K, 0% used [0x00000000eb400000,0x00000000eb400000,0x00000000ec700000)
  to   space 21504K, 0% used [0x00000000ecd80000,0x00000000ecd80000,0x00000000ee280000)
 ParOldGen       total 89600K, used 40431K [0x00000000a0000000, 0x00000000a5780000, 0x00000000e0000000)
  object space 89600K, 45% used [0x00000000a0000000,0x00000000a277bdc0,0x00000000a5780000)
 Metaspace       used 56314K, capacity 58478K, committed 58752K, reserved 1099776K
  class space    used 7777K, capacity 8232K, committed 8320K, reserved 1048576K
Event: 28.015 GC heap after
Heap after GC invocations=15 (full 3):
 PSYoungGen      total 210944K, used 8754K [0x00000000e0000000, 0x00000000f0e00000, 0x0000000100000000)
  eden space 189440K, 0% used [0x00000000e0000000,0x00000000e0000000,0x00000000eb900000)
  from space 21504K, 40% used [0x00000000ecd80000,0x00000000ed60c978,0x00000000ee280000)
  to   space 20992K, 0% used [0x00000000eb900000,0x00000000eb900000,0x00000000ecd80000)
 ParOldGen       total 89600K, used 40439K [0x00000000a0000000, 0x00000000a5780000, 0x00000000e0000000)
  object space 89600K, 45% used [0x00000000a0000000,0x00000000a277ddc0,0x00000000a5780000)
 Metaspace       used 56314K, capacity 58478K, committed 58752K, reserved 1099776K
  class space    used 7777K, capacity 8232K, committed 8320K, reserved 1048576K
}

