# JRE version: Java(TM) SE Runtime Environment (8.0_74-b02) (build 1.8.0_74-b02)
# Java VM: Java HotSpot(TM) 64-Bit Server VM (25.74-b02 mixed mode windows-amd64 compressed oops)
Heap:
 PSYoungGen      total 188928K, used 91189K [0x00000000e0000000, 0x00000000eec00000, 0x0000000100000000)
  eden space 168448K, 47% used [0x00000000e0000000,0x00000000e4dc84a8,0x00000000ea480000)
  from space 20480K, 56% used [0x00000000ea480000,0x00000000eafc5060,0x00000000eb880000)
  to   space 19968K, 0% used [0x00000000ed880000,0x00000000ed880000,0x00000000eec00000)
 ParOldGen       total 101888K, used 44584K [0x00000000a0000000, 0x00000000a6380000, 0x00000000e0000000)
  object space 101888K, 43% used [0x00000000a0000000,0x00000000a2b8a288,0x00000000a6380000)
 Metaspace       used 58738K, capacity 61165K, committed 61312K, reserved 1101824K
  class space    used 8001K, capacity 8516K, committed 8576K, reserved 1048576K
GC Heap History (10 events):
Event: 11.896 GC heap before
{Heap before GC invocations=12 (full 2):
 PSYoungGen      total 142848K, used 142847K [0x00000000e0000000, 0x00000000ebb80000, 0x0000000100000000)
  eden space 131584K, 100% used [0x00000000e0000000,0x00000000e8080000,0x00000000e8080000)
  from space 11264K, 99% used [0x00000000e8080000,0x00000000e8b7fc90,0x00000000e8b80000)
  to   space 12800K, 0% used [0x00000000eaf00000,0x00000000eaf00000,0x00000000ebb80000)
 ParOldGen       total 101888K, used 16294K [0x00000000a0000000, 0x00000000a6380000, 0x00000000e0000000)
  object space 101888K, 15% used [0x00000000a0000000,0x00000000a0fe9b90,0x00000000a6380000)
 Metaspace       used 50029K, capacity 51615K, committed 51840K, reserved 1093632K
  class space    used 6911K, capacity 7272K, committed 7296K, reserved 1048576K
Event: 11.943 GC heap after
Heap after GC invocations=12 (full 2):
 PSYoungGen      total 175104K, used 12800K [0x00000000e0000000, 0x00000000ec500000, 0x0000000100000000)
  eden space 162304K, 0% used [0x00000000e0000000,0x00000000e0000000,0x00000000e9e80000)
  from space 12800K, 100% used [0x00000000eaf00000,0x00000000ebb80000,0x00000000ebb80000)
  to   space 16896K, 0% used [0x00000000e9e80000,0x00000000e9e80000,0x00000000eaf00000)
 ParOldGen       total 101888K, used 24769K [0x00000000a0000000, 0x00000000a6380000, 0x00000000e0000000)
  object space 101888K, 24% used [0x00000000a0000000,0x00000000a18304a0,0x00000000a6380000)
 Metaspace       used 50029K, capacity 51615K, committed 51840K, reserved 1093632K
  class space    used 6911K, capacity 7272K, committed 7296K, reserved 1048576K
}
Event: 12.788 GC heap before
{Heap before GC invocations=13 (full 2):
 PSYoungGen      total 175104K, used 78978K [0x00000000e0000000, 0x00000000ec500000, 0x0000000100000000)
  eden space 162304K, 40% used [0x00000000e0000000,0x00000000e40a0b28,0x00000000e9e80000)
  from space 12800K, 100% used [0x00000000eaf00000,0x00000000ebb80000,0x00000000ebb80000)
  to   space 16896K, 0% used [0x00000000e9e80000,0x00000000e9e80000,0x00000000eaf00000)
 ParOldGen       total 101888K, used 24769K [0x00000000a0000000, 0x00000000a6380000, 0x00000000e0000000)
  object space 101888K, 24% used [0x00000000a0000000,0x00000000a18304a0,0x00000000a6380000)
 Metaspace       used 52010K, capacity 54041K, committed 54144K, reserved 1095680K
  class space    used 7276K, capacity 7722K, committed 7808K, reserved 1048576K
Event: 12.836 GC heap after
Heap after GC invocations=13 (full 2):
 PSYoungGen      total 179200K, used 16865K [0x00000000e0000000, 0x00000000ecd00000, 0x0000000100000000)
  eden space 162304K, 0% used [0x00000000e0000000,0x00000000e0000000,0x00000000e9e80000)
  from space 16896K, 99% used [0x00000000e9e80000,0x00000000eaef8648,0x00000000eaf00000)
  to   space 20992K, 0% used [0x00000000eb880000,0x00000000eb880000,0x00000000ecd00000)
 ParOldGen       total 101888K, used 30419K [0x00000000a0000000, 0x00000000a6380000, 0x00000000e0000000)
  object space 101888K, 29% used [0x00000000a0000000,0x00000000a1db4d80,0x00000000a6380000)
 Metaspace       used 52010K, capacity 54041K, committed 54144K, reserved 1095680K
  class space    used 7276K, capacity 7722K, committed 7808K, reserved 1048576K
}
Event: 12.836 GC heap before
{Heap before GC invocations=14 (full 3):
 PSYoungGen      total 179200K, used 16865K [0x00000000e0000000, 0x00000000ecd00000, 0x0000000100000000)
  eden space 162304K, 0% used [0x00000000e0000000,0x00000000e0000000,0x00000000e9e80000)
  from space 16896K, 99% used [0x00000000e9e80000,0x00000000eaef8648,0x00000000eaf00000)
  to   space 20992K, 0% used [0x00000000eb880000,0x00000000eb880000,0x00000000ecd00000)
 ParOldGen       total 101888K, used 30419K [0x00000000a0000000, 0x00000000a6380000, 0x00000000e0000000)
  object space 101888K, 29% used [0x00000000a0000000,0x00000000a1db4d80,0x00000000a6380000)
 Metaspace       used 52010K, capacity 54041K, committed 54144K, reserved 1095680K
  class space    used 7276K, capacity 7722K, committed 7808K, reserved 1048576K
Event: 13.200 GC heap after
Heap after GC invocations=14 (full 3):
 PSYoungGen      total 179200K, used 0K [0x00000000e0000000, 0x00000000ecd00000, 0x0000000100000000)
  eden space 162304K, 0% used [0x00000000e0000000,0x00000000e0000000,0x00000000e9e80000)
  from space 16896K, 0% used [0x00000000e9e80000,0x00000000e9e80000,0x00000000eaf00000)
  to   space 20992K, 0% used [0x00000000eb880000,0x00000000eb880000,0x00000000ecd00000)
 ParOldGen       total 101888K, used 44568K [0x00000000a0000000, 0x00000000a6380000, 0x00000000e0000000)
  object space 101888K, 43% used [0x00000000a0000000,0x00000000a2b86288,0x00000000a6380000)
 Metaspace       used 52010K, capacity 54041K, committed 54144K, reserved 1095680K
  class space    used 7276K, capacity 7722K, committed 7808K, reserved 1048576K
}
Event: 22.741 GC heap before
{Heap before GC invocations=15 (full 3):
 PSYoungGen      total 179200K, used 162304K [0x00000000e0000000, 0x00000000ecd00000, 0x0000000100000000)
  eden space 162304K, 100% used [0x00000000e0000000,0x00000000e9e80000,0x00000000e9e80000)
  from space 16896K, 0% used [0x00000000e9e80000,0x00000000e9e80000,0x00000000eaf00000)
  to   space 20992K, 0% used [0x00000000eb880000,0x00000000eb880000,0x00000000ecd00000)
 ParOldGen       total 101888K, used 44568K [0x00000000a0000000, 0x00000000a6380000, 0x00000000e0000000)
  object space 101888K, 43% used [0x00000000a0000000,0x00000000a2b86288,0x00000000a6380000)
 Metaspace       used 56122K, capacity 58241K, committed 58368K, reserved 1099776K
  class space    used 7735K, capacity 8188K, committed 8192K, reserved 1048576K
Event: 22.752 GC heap after
Heap after GC invocations=15 (full 3):
 PSYoungGen      total 189440K, used 8730K [0x00000000e0000000, 0x00000000eec00000, 0x0000000100000000)
  eden space 168448K, 0% used [0x00000000e0000000,0x00000000e0000000,0x00000000ea480000)
  from space 20992K, 41% used [0x00000000eb880000,0x00000000ec1068f8,0x00000000ecd00000)
  to   space 20480K, 0% used [0x00000000ea480000,0x00000000ea480000,0x00000000eb880000)
 ParOldGen       total 101888K, used 44576K [0x00000000a0000000, 0x00000000a6380000, 0x00000000e0000000)
  object space 101888K, 43% used [0x00000000a0000000,0x00000000a2b88288,0x00000000a6380000)
 Metaspace       used 56122K, capacity 58241K, committed 58368K, reserved 1099776K
  class space    used 7735K, capacity 8188K, committed 8192K, reserved 1048576K
}
Event: 243.970 GC heap before
{Heap before GC invocations=16 (full 3):
 PSYoungGen      total 189440K, used 177178K [0x00000000e0000000, 0x00000000eec00000, 0x0000000100000000)
  eden space 168448K, 100% used [0x00000000e0000000,0x00000000ea480000,0x00000000ea480000)
  from space 20992K, 41% used [0x00000000eb880000,0x00000000ec1068f8,0x00000000ecd00000)
  to   space 20480K, 0% used [0x00000000ea480000,0x00000000ea480000,0x00000000eb880000)
 ParOldGen       total 101888K, used 44576K [0x00000000a0000000, 0x00000000a6380000, 0x00000000e0000000)
  object space 101888K, 43% used [0x00000000a0000000,0x00000000a2b88288,0x00000000a6380000)
 Metaspace       used 57703K, capacity 60109K, committed 60160K, reserved 1101824K
  class space    used 7915K, capacity 8434K, committed 8448K, reserved 1048576K
Event: 243.994 GC heap after
Heap after GC invocations=16 (full 3):
 PSYoungGen      total 188928K, used 11540K [0x00000000e0000000, 0x00000000eec00000, 0x0000000100000000)
  eden space 168448K, 0% used [0x00000000e0000000,0x00000000e0000000,0x00000000ea480000)
  from space 20480K, 56% used [0x00000000ea480000,0x00000000eafc5060,0x00000000eb880000)
  to   space 19968K, 0% used [0x00000000ed880000,0x00000000ed880000,0x00000000eec00000)
 ParOldGen       total 101888K, used 44584K [0x00000000a0000000, 0x00000000a6380000, 0x00000000e0000000)
  object space 101888K, 43% used [0x00000000a0000000,0x00000000a2b8a288,0x00000000a6380000)
 Metaspace       used 57703K, capacity 60109K, committed 60160K, reserved 1101824K
  class space    used 7915K, capacity 8434K, committed 8448K, reserved 1048576K
}

