# JRE version: Java(TM) SE Runtime Environment (8.0_74-b02) (build 1.8.0_74-b02)
# Java VM: Java HotSpot(TM) 64-Bit Server VM (25.74-b02 mixed mode windows-amd64 compressed oops)
Heap:
 PSYoungGen      total 148480K, used 12406K [0x00000000e0000000, 0x00000000eb100000, 0x0000000100000000)
  eden space 125952K, 9% used [0x00000000e0000000,0x00000000e0c1db50,0x00000000e7b00000)
  from space 22528K, 0% used [0x00000000e9380000,0x00000000e9380000,0x00000000ea980000)
  to   space 25088K, 0% used [0x00000000e7b00000,0x00000000e7b00000,0x00000000e9380000)
 ParOldGen       total 157184K, used 34589K [0x00000000a0000000, 0x00000000a9980000, 0x00000000e0000000)
  object space 157184K, 22% used [0x00000000a0000000,0x00000000a21c7498,0x00000000a9980000)
 Metaspace       used 57754K, capacity 59284K, committed 59648K, reserved 1101824K
  class space    used 7724K, capacity 8066K, committed 8192K, reserved 1048576K
GC Heap History (10 events):
Event: 25.497 GC heap before
{Heap before GC invocations=15 (full 2):
 PSYoungGen      total 104448K, used 104429K [0x00000000e0000000, 0x00000000e7500000, 0x0000000100000000)
  eden space 93184K, 100% used [0x00000000e0000000,0x00000000e5b00000,0x00000000e5b00000)
  from space 11264K, 99% used [0x00000000e6780000,0x00000000e727b648,0x00000000e7280000)
  to   space 12800K, 0% used [0x00000000e5b00000,0x00000000e5b00000,0x00000000e6780000)
 ParOldGen       total 102912K, used 15512K [0x00000000a0000000, 0x00000000a6480000, 0x00000000e0000000)
  object space 102912K, 15% used [0x00000000a0000000,0x00000000a0f26340,0x00000000a6480000)
 Metaspace       used 49023K, capacity 50282K, committed 50560K, reserved 1093632K
  class space    used 6678K, capacity 6959K, committed 7040K, reserved 1048576K
Event: 25.519 GC heap after
Heap after GC invocations=15 (full 2):
 PSYoungGen      total 105984K, used 12771K [0x00000000e0000000, 0x00000000e8d80000, 0x0000000100000000)
  eden space 93184K, 0% used [0x00000000e0000000,0x00000000e0000000,0x00000000e5b00000)
  from space 12800K, 99% used [0x00000000e5b00000,0x00000000e6778c80,0x00000000e6780000)
  to   space 15872K, 0% used [0x00000000e7e00000,0x00000000e7e00000,0x00000000e8d80000)
 ParOldGen       total 102912K, used 20370K [0x00000000a0000000, 0x00000000a6480000, 0x00000000e0000000)
  object space 102912K, 19% used [0x00000000a0000000,0x00000000a13e4a38,0x00000000a6480000)
 Metaspace       used 49023K, capacity 50282K, committed 50560K, reserved 1093632K
  class space    used 6678K, capacity 6959K, committed 7040K, reserved 1048576K
}
Event: 28.650 GC heap before
{Heap before GC invocations=16 (full 2):
 PSYoungGen      total 105984K, used 105955K [0x00000000e0000000, 0x00000000e8d80000, 0x0000000100000000)
  eden space 93184K, 100% used [0x00000000e0000000,0x00000000e5b00000,0x00000000e5b00000)
  from space 12800K, 99% used [0x00000000e5b00000,0x00000000e6778c80,0x00000000e6780000)
  to   space 15872K, 0% used [0x00000000e7e00000,0x00000000e7e00000,0x00000000e8d80000)
 ParOldGen       total 102912K, used 20370K [0x00000000a0000000, 0x00000000a6480000, 0x00000000e0000000)
  object space 102912K, 19% used [0x00000000a0000000,0x00000000a13e4a38,0x00000000a6480000)
 Metaspace       used 51361K, capacity 52714K, committed 52864K, reserved 1095680K
  class space    used 6942K, capacity 7241K, committed 7296K, reserved 1048576K
Event: 28.679 GC heap after
Heap after GC invocations=16 (full 2):
 PSYoungGen      total 124416K, used 15847K [0x00000000e0000000, 0x00000000e9600000, 0x0000000100000000)
  eden space 108544K, 0% used [0x00000000e0000000,0x00000000e0000000,0x00000000e6a00000)
  from space 15872K, 99% used [0x00000000e7e00000,0x00000000e8d79cc8,0x00000000e8d80000)
  to   space 20480K, 0% used [0x00000000e6a00000,0x00000000e6a00000,0x00000000e7e00000)
 ParOldGen       total 102912K, used 26769K [0x00000000a0000000, 0x00000000a6480000, 0x00000000e0000000)
  object space 102912K, 26% used [0x00000000a0000000,0x00000000a1a24448,0x00000000a6480000)
 Metaspace       used 51361K, capacity 52714K, committed 52864K, reserved 1095680K
  class space    used 6942K, capacity 7241K, committed 7296K, reserved 1048576K
}
Event: 33.253 GC heap before
{Heap before GC invocations=17 (full 2):
 PSYoungGen      total 124416K, used 124391K [0x00000000e0000000, 0x00000000e9600000, 0x0000000100000000)
  eden space 108544K, 100% used [0x00000000e0000000,0x00000000e6a00000,0x00000000e6a00000)
  from space 15872K, 99% used [0x00000000e7e00000,0x00000000e8d79cc8,0x00000000e8d80000)
  to   space 20480K, 0% used [0x00000000e6a00000,0x00000000e6a00000,0x00000000e7e00000)
 ParOldGen       total 102912K, used 26769K [0x00000000a0000000, 0x00000000a6480000, 0x00000000e0000000)
  object space 102912K, 26% used [0x00000000a0000000,0x00000000a1a24448,0x00000000a6480000)
 Metaspace       used 52753K, capacity 54228K, committed 54400K, reserved 1095680K
  class space    used 7123K, capacity 7462K, committed 7552K, reserved 1048576K
Event: 33.274 GC heap after
Heap after GC invocations=17 (full 2):
 PSYoungGen      total 129024K, used 17664K [0x00000000e0000000, 0x00000000ea980000, 0x0000000100000000)
  eden space 108544K, 0% used [0x00000000e0000000,0x00000000e0000000,0x00000000e6a00000)
  from space 20480K, 86% used [0x00000000e6a00000,0x00000000e7b40328,0x00000000e7e00000)
  to   space 22528K, 0% used [0x00000000e9380000,0x00000000e9380000,0x00000000ea980000)
 ParOldGen       total 102912K, used 26777K [0x00000000a0000000, 0x00000000a6480000, 0x00000000e0000000)
  object space 102912K, 26% used [0x00000000a0000000,0x00000000a1a26448,0x00000000a6480000)
 Metaspace       used 52753K, capacity 54228K, committed 54400K, reserved 1095680K
  class space    used 7123K, capacity 7462K, committed 7552K, reserved 1048576K
}
Event: 34.821 GC heap before
{Heap before GC invocations=18 (full 2):
 PSYoungGen      total 129024K, used 64089K [0x00000000e0000000, 0x00000000ea980000, 0x0000000100000000)
  eden space 108544K, 42% used [0x00000000e0000000,0x00000000e2d562a0,0x00000000e6a00000)
  from space 20480K, 86% used [0x00000000e6a00000,0x00000000e7b40328,0x00000000e7e00000)
  to   space 22528K, 0% used [0x00000000e9380000,0x00000000e9380000,0x00000000ea980000)
 ParOldGen       total 102912K, used 26777K [0x00000000a0000000, 0x00000000a6480000, 0x00000000e0000000)
  object space 102912K, 26% used [0x00000000a0000000,0x00000000a1a26448,0x00000000a6480000)
 Metaspace       used 57715K, capacity 59096K, committed 59160K, reserved 1099776K
  class space    used 7717K, capacity 8042K, committed 8064K, reserved 1048576K
Event: 34.848 GC heap after
Heap after GC invocations=18 (full 2):
 PSYoungGen      total 148480K, used 21063K [0x00000000e0000000, 0x00000000eb100000, 0x0000000100000000)
  eden space 125952K, 0% used [0x00000000e0000000,0x00000000e0000000,0x00000000e7b00000)
  from space 22528K, 93% used [0x00000000e9380000,0x00000000ea811c70,0x00000000ea980000)
  to   space 25088K, 0% used [0x00000000e7b00000,0x00000000e7b00000,0x00000000e9380000)
 ParOldGen       total 102912K, used 26785K [0x00000000a0000000, 0x00000000a6480000, 0x00000000e0000000)
  object space 102912K, 26% used [0x00000000a0000000,0x00000000a1a28448,0x00000000a6480000)
 Metaspace       used 57715K, capacity 59096K, committed 59160K, reserved 1099776K
  class space    used 7717K, capacity 8042K, committed 8064K, reserved 1048576K
}
Event: 34.848 GC heap before
{Heap before GC invocations=19 (full 3):
 PSYoungGen      total 148480K, used 21063K [0x00000000e0000000, 0x00000000eb100000, 0x0000000100000000)
  eden space 125952K, 0% used [0x00000000e0000000,0x00000000e0000000,0x00000000e7b00000)
  from space 22528K, 93% used [0x00000000e9380000,0x00000000ea811c70,0x00000000ea980000)
  to   space 25088K, 0% used [0x00000000e7b00000,0x00000000e7b00000,0x00000000e9380000)
 ParOldGen       total 102912K, used 26785K [0x00000000a0000000, 0x00000000a6480000, 0x00000000e0000000)
  object space 102912K, 26% used [0x00000000a0000000,0x00000000a1a28448,0x00000000a6480000)
 Metaspace       used 57715K, capacity 59096K, committed 59160K, reserved 1099776K
  class space    used 7717K, capacity 8042K, committed 8064K, reserved 1048576K
Event: 35.182 GC heap after
Heap after GC invocations=19 (full 3):
 PSYoungGen      total 148480K, used 0K [0x00000000e0000000, 0x00000000eb100000, 0x0000000100000000)
  eden space 125952K, 0% used [0x00000000e0000000,0x00000000e0000000,0x00000000e7b00000)
  from space 22528K, 0% used [0x00000000e9380000,0x00000000e9380000,0x00000000ea980000)
  to   space 25088K, 0% used [0x00000000e7b00000,0x00000000e7b00000,0x00000000e9380000)
 ParOldGen       total 157184K, used 34589K [0x00000000a0000000, 0x00000000a9980000, 0x00000000e0000000)
  object space 157184K, 22% used [0x00000000a0000000,0x00000000a21c7498,0x00000000a9980000)
 Metaspace       used 57702K, capacity 59060K, committed 59160K, reserved 1099776K
  class space    used 7713K, capacity 8034K, committed 8064K, reserved 1048576K
}

