# JRE version: Java(TM) SE Runtime Environment (8.0_74-b02) (build 1.8.0_74-b02)
# Java VM: Java HotSpot(TM) 64-Bit Server VM (25.74-b02 mixed mode windows-amd64 compressed oops)
Heap:
 PSYoungGen      total 142336K, used 28217K [0x00000000e0000000, 0x00000000e9d80000, 0x0000000100000000)
  eden space 131072K, 13% used [0x00000000e0000000,0x00000000e11370b8,0x00000000e8000000)
  from space 11264K, 94% used [0x00000000e8000000,0x00000000e8a57348,0x00000000e8b00000)
  to   space 11776K, 0% used [0x00000000e8b00000,0x00000000e8b00000,0x00000000e9680000)
 ParOldGen       total 94208K, used 14693K [0x00000000a0000000, 0x00000000a5c00000, 0x00000000e0000000)
  object space 94208K, 15% used [0x00000000a0000000,0x00000000a0e59598,0x00000000a5c00000)
 Metaspace       used 43579K, capacity 44518K, committed 44928K, reserved 1087488K
  class space    used 5923K, capacity 6171K, committed 6272K, reserved 1048576K
GC Heap History (10 events):
Event: 8.947 GC heap before
{Heap before GC invocations=7 (full 1):
 PSYoungGen      total 71680K, used 71655K [0x00000000e0000000, 0x00000000e7180000, 0x0000000100000000)
  eden space 66560K, 100% used [0x00000000e0000000,0x00000000e4100000,0x00000000e4100000)
  from space 5120K, 99% used [0x00000000e4100000,0x00000000e45f9c10,0x00000000e4600000)
  to   space 10240K, 0% used [0x00000000e6780000,0x00000000e6780000,0x00000000e7180000)
 ParOldGen       total 67072K, used 14131K [0x00000000a0000000, 0x00000000a4180000, 0x00000000e0000000)
  object space 67072K, 21% used [0x00000000a0000000,0x00000000a0dccd28,0x00000000a4180000)
 Metaspace       used 28125K, capacity 28626K, committed 28928K, reserved 1075200K
  class space    used 3890K, capacity 4037K, committed 4096K, reserved 1048576K
Event: 8.961 GC heap after
Heap after GC invocations=7 (full 1):
 PSYoungGen      total 101888K, used 5208K [0x00000000e0000000, 0x00000000e6f80000, 0x0000000100000000)
  eden space 93696K, 0% used [0x00000000e0000000,0x00000000e0000000,0x00000000e5b80000)
  from space 8192K, 63% used [0x00000000e6780000,0x00000000e6c96280,0x00000000e6f80000)
  to   space 10240K, 0% used [0x00000000e5b80000,0x00000000e5b80000,0x00000000e6580000)
 ParOldGen       total 67072K, used 14139K [0x00000000a0000000, 0x00000000a4180000, 0x00000000e0000000)
  object space 67072K, 21% used [0x00000000a0000000,0x00000000a0dced28,0x00000000a4180000)
 Metaspace       used 28125K, capacity 28626K, committed 28928K, reserved 1075200K
  class space    used 3890K, capacity 4037K, committed 4096K, reserved 1048576K
}
Event: 13.610 GC heap before
{Heap before GC invocations=8 (full 1):
 PSYoungGen      total 101888K, used 98904K [0x00000000e0000000, 0x00000000e6f80000, 0x0000000100000000)
  eden space 93696K, 100% used [0x00000000e0000000,0x00000000e5b80000,0x00000000e5b80000)
  from space 8192K, 63% used [0x00000000e6780000,0x00000000e6c96280,0x00000000e6f80000)
  to   space 10240K, 0% used [0x00000000e5b80000,0x00000000e5b80000,0x00000000e6580000)
 ParOldGen       total 67072K, used 14139K [0x00000000a0000000, 0x00000000a4180000, 0x00000000e0000000)
  object space 67072K, 21% used [0x00000000a0000000,0x00000000a0dced28,0x00000000a4180000)
 Metaspace       used 33704K, capacity 34290K, committed 34560K, reserved 1079296K
  class space    used 4619K, capacity 4760K, committed 4864K, reserved 1048576K
Event: 13.667 GC heap after
Heap after GC invocations=8 (full 1):
 PSYoungGen      total 103936K, used 10239K [0x00000000e0000000, 0x00000000e9680000, 0x0000000100000000)
  eden space 93696K, 0% used [0x00000000e0000000,0x00000000e0000000,0x00000000e5b80000)
  from space 10240K, 99% used [0x00000000e5b80000,0x00000000e657ff50,0x00000000e6580000)
  to   space 11776K, 0% used [0x00000000e8b00000,0x00000000e8b00000,0x00000000e9680000)
 ParOldGen       total 67072K, used 14571K [0x00000000a0000000, 0x00000000a4180000, 0x00000000e0000000)
  object space 67072K, 21% used [0x00000000a0000000,0x00000000a0e3ad58,0x00000000a4180000)
 Metaspace       used 33704K, capacity 34290K, committed 34560K, reserved 1079296K
  class space    used 4619K, capacity 4760K, committed 4864K, reserved 1048576K
}
Event: 13.984 GC heap before
{Heap before GC invocations=9 (full 1):
 PSYoungGen      total 103936K, used 20855K [0x00000000e0000000, 0x00000000e9680000, 0x0000000100000000)
  eden space 93696K, 11% used [0x00000000e0000000,0x00000000e0a5e008,0x00000000e5b80000)
  from space 10240K, 99% used [0x00000000e5b80000,0x00000000e657ff50,0x00000000e6580000)
  to   space 11776K, 0% used [0x00000000e8b00000,0x00000000e8b00000,0x00000000e9680000)
 ParOldGen       total 67072K, used 14571K [0x00000000a0000000, 0x00000000a4180000, 0x00000000e0000000)
  object space 67072K, 21% used [0x00000000a0000000,0x00000000a0e3ad58,0x00000000a4180000)
 Metaspace       used 34675K, capacity 35254K, committed 35496K, reserved 1079296K
  class space    used 4739K, capacity 4862K, committed 4864K, reserved 1048576K
Event: 13.998 GC heap after
Heap after GC invocations=9 (full 1):
 PSYoungGen      total 142848K, used 7617K [0x00000000e0000000, 0x00000000e9d80000, 0x0000000100000000)
  eden space 131072K, 0% used [0x00000000e0000000,0x00000000e0000000,0x00000000e8000000)
  from space 11776K, 64% used [0x00000000e8b00000,0x00000000e92705d8,0x00000000e9680000)
  to   space 11264K, 0% used [0x00000000e8000000,0x00000000e8000000,0x00000000e8b00000)
 ParOldGen       total 67072K, used 14579K [0x00000000a0000000, 0x00000000a4180000, 0x00000000e0000000)
  object space 67072K, 21% used [0x00000000a0000000,0x00000000a0e3cd58,0x00000000a4180000)
 Metaspace       used 34675K, capacity 35254K, committed 35496K, reserved 1079296K
  class space    used 4739K, capacity 4862K, committed 4864K, reserved 1048576K
}
Event: 13.998 GC heap before
{Heap before GC invocations=10 (full 2):
 PSYoungGen      total 142848K, used 7617K [0x00000000e0000000, 0x00000000e9d80000, 0x0000000100000000)
  eden space 131072K, 0% used [0x00000000e0000000,0x00000000e0000000,0x00000000e8000000)
  from space 11776K, 64% used [0x00000000e8b00000,0x00000000e92705d8,0x00000000e9680000)
  to   space 11264K, 0% used [0x00000000e8000000,0x00000000e8000000,0x00000000e8b00000)
 ParOldGen       total 67072K, used 14579K [0x00000000a0000000, 0x00000000a4180000, 0x00000000e0000000)
  object space 67072K, 21% used [0x00000000a0000000,0x00000000a0e3cd58,0x00000000a4180000)
 Metaspace       used 34675K, capacity 35254K, committed 35496K, reserved 1079296K
  class space    used 4739K, capacity 4862K, committed 4864K, reserved 1048576K
Event: 14.120 GC heap after
Heap after GC invocations=10 (full 2):
 PSYoungGen      total 142848K, used 0K [0x00000000e0000000, 0x00000000e9d80000, 0x0000000100000000)
  eden space 131072K, 0% used [0x00000000e0000000,0x00000000e0000000,0x00000000e8000000)
  from space 11776K, 0% used [0x00000000e8b00000,0x00000000e8b00000,0x00000000e9680000)
  to   space 11264K, 0% used [0x00000000e8000000,0x00000000e8000000,0x00000000e8b00000)
 ParOldGen       total 94208K, used 14621K [0x00000000a0000000, 0x00000000a5c00000, 0x00000000e0000000)
  object space 94208K, 15% used [0x00000000a0000000,0x00000000a0e47588,0x00000000a5c00000)
 Metaspace       used 34675K, capacity 35254K, committed 35496K, reserved 1079296K
  class space    used 4739K, capacity 4862K, committed 4864K, reserved 1048576K
}
Event: 18.142 GC heap before
{Heap before GC invocations=11 (full 2):
 PSYoungGen      total 142848K, used 131072K [0x00000000e0000000, 0x00000000e9d80000, 0x0000000100000000)
  eden space 131072K, 100% used [0x00000000e0000000,0x00000000e8000000,0x00000000e8000000)
  from space 11776K, 0% used [0x00000000e8b00000,0x00000000e8b00000,0x00000000e9680000)
  to   space 11264K, 0% used [0x00000000e8000000,0x00000000e8000000,0x00000000e8b00000)
 ParOldGen       total 94208K, used 14621K [0x00000000a0000000, 0x00000000a5c00000, 0x00000000e0000000)
  object space 94208K, 15% used [0x00000000a0000000,0x00000000a0e47588,0x00000000a5c00000)
 Metaspace       used 42928K, capacity 43786K, committed 44160K, reserved 1087488K
  class space    used 5820K, capacity 6013K, committed 6016K, reserved 1048576K
Event: 18.156 GC heap after
Heap after GC invocations=11 (full 2):
 PSYoungGen      total 142336K, used 10588K [0x00000000e0000000, 0x00000000e9d80000, 0x0000000100000000)
  eden space 131072K, 0% used [0x00000000e0000000,0x00000000e0000000,0x00000000e8000000)
  from space 11264K, 94% used [0x00000000e8000000,0x00000000e8a57348,0x00000000e8b00000)
  to   space 11776K, 0% used [0x00000000e8b00000,0x00000000e8b00000,0x00000000e9680000)
 ParOldGen       total 94208K, used 14693K [0x00000000a0000000, 0x00000000a5c00000, 0x00000000e0000000)
  object space 94208K, 15% used [0x00000000a0000000,0x00000000a0e59598,0x00000000a5c00000)
 Metaspace       used 42928K, capacity 43786K, committed 44160K, reserved 1087488K
  class space    used 5820K, capacity 6013K, committed 6016K, reserved 1048576K
}

