# JRE version: Java(TM) SE Runtime Environment (8.0_74-b02) (build 1.8.0_74-b02)
# Java VM: Java HotSpot(TM) 64-Bit Server VM (25.74-b02 mixed mode windows-amd64 compressed oops)
Heap:
 PSYoungGen      total 100352K, used 52006K [0x00000000e0000000, 0x00000000e7300000, 0x0000000100000000)
  eden space 92672K, 47% used [0x00000000e0000000,0x00000000e2b60b48,0x00000000e5a80000)
  from space 7680K, 98% used [0x00000000e6b80000,0x00000000e72e8f40,0x00000000e7300000)
  to   space 11264K, 0% used [0x00000000e5d00000,0x00000000e5d00000,0x00000000e6800000)
 ParOldGen       total 99328K, used 17827K [0x00000000a0000000, 0x00000000a6100000, 0x00000000e0000000)
  object space 99328K, 17% used [0x00000000a0000000,0x00000000a1168f10,0x00000000a6100000)
 Metaspace       used 42013K, capacity 42842K, committed 43392K, reserved 1087488K
  class space    used 5694K, capacity 5911K, committed 6016K, reserved 1048576K
GC Heap History (10 events):
Event: 10.809 GC heap before
{Heap before GC invocations=8 (full 1):
 PSYoungGen      total 59904K, used 54416K [0x00000000e0000000, 0x00000000e4500000, 0x0000000100000000)
  eden space 49152K, 100% used [0x00000000e0000000,0x00000000e3000000,0x00000000e3000000)
  from space 10752K, 48% used [0x00000000e3a00000,0x00000000e3f24100,0x00000000e4480000)
  to   space 10240K, 0% used [0x00000000e3000000,0x00000000e3000000,0x00000000e3a00000)
 ParOldGen       total 66560K, used 11413K [0x00000000a0000000, 0x00000000a4100000, 0x00000000e0000000)
  object space 66560K, 17% used [0x00000000a0000000,0x00000000a0b256a8,0x00000000a4100000)
 Metaspace       used 28008K, capacity 28480K, committed 28672K, reserved 1073152K
  class space    used 3887K, capacity 4034K, committed 4096K, reserved 1048576K
Event: 10.836 GC heap after
Heap after GC invocations=8 (full 1):
 PSYoungGen      total 59392K, used 4893K [0x00000000e0000000, 0x00000000e5d80000, 0x0000000100000000)
  eden space 49152K, 0% used [0x00000000e0000000,0x00000000e0000000,0x00000000e3000000)
  from space 10240K, 47% used [0x00000000e3000000,0x00000000e34c7738,0x00000000e3a00000)
  to   space 9728K, 0% used [0x00000000e5400000,0x00000000e5400000,0x00000000e5d80000)
 ParOldGen       total 66560K, used 11413K [0x00000000a0000000, 0x00000000a4100000, 0x00000000e0000000)
  object space 66560K, 17% used [0x00000000a0000000,0x00000000a0b256a8,0x00000000a4100000)
 Metaspace       used 28008K, capacity 28480K, committed 28672K, reserved 1073152K
  class space    used 3887K, capacity 4034K, committed 4096K, reserved 1048576K
}
Event: 13.157 GC heap before
{Heap before GC invocations=9 (full 1):
 PSYoungGen      total 59392K, used 54045K [0x00000000e0000000, 0x00000000e5d80000, 0x0000000100000000)
  eden space 49152K, 100% used [0x00000000e0000000,0x00000000e3000000,0x00000000e3000000)
  from space 10240K, 47% used [0x00000000e3000000,0x00000000e34c7738,0x00000000e3a00000)
  to   space 9728K, 0% used [0x00000000e5400000,0x00000000e5400000,0x00000000e5d80000)
 ParOldGen       total 66560K, used 11413K [0x00000000a0000000, 0x00000000a4100000, 0x00000000e0000000)
  object space 66560K, 17% used [0x00000000a0000000,0x00000000a0b256a8,0x00000000a4100000)
 Metaspace       used 29234K, capacity 29706K, committed 29824K, reserved 1075200K
  class space    used 4041K, capacity 4212K, committed 4224K, reserved 1048576K
Event: 13.169 GC heap after
Heap after GC invocations=9 (full 1):
 PSYoungGen      total 80896K, used 5654K [0x00000000e0000000, 0x00000000e5b00000, 0x0000000100000000)
  eden space 73728K, 0% used [0x00000000e0000000,0x00000000e0000000,0x00000000e4800000)
  from space 7168K, 78% used [0x00000000e5400000,0x00000000e5985950,0x00000000e5b00000)
  to   space 9728K, 0% used [0x00000000e4800000,0x00000000e4800000,0x00000000e5180000)
 ParOldGen       total 66560K, used 11421K [0x00000000a0000000, 0x00000000a4100000, 0x00000000e0000000)
  object space 66560K, 17% used [0x00000000a0000000,0x00000000a0b276a8,0x00000000a4100000)
 Metaspace       used 29234K, capacity 29706K, committed 29824K, reserved 1075200K
  class space    used 4041K, capacity 4212K, committed 4224K, reserved 1048576K
}
Event: 14.722 GC heap before
{Heap before GC invocations=10 (full 1):
 PSYoungGen      total 80896K, used 76180K [0x00000000e0000000, 0x00000000e5b00000, 0x0000000100000000)
  eden space 73728K, 95% used [0x00000000e0000000,0x00000000e44df748,0x00000000e4800000)
  from space 7168K, 78% used [0x00000000e5400000,0x00000000e5985950,0x00000000e5b00000)
  to   space 9728K, 0% used [0x00000000e4800000,0x00000000e4800000,0x00000000e5180000)
 ParOldGen       total 66560K, used 11421K [0x00000000a0000000, 0x00000000a4100000, 0x00000000e0000000)
  object space 66560K, 17% used [0x00000000a0000000,0x00000000a0b276a8,0x00000000a4100000)
 Metaspace       used 34641K, capacity 35176K, committed 35496K, reserved 1079296K
  class space    used 4737K, capacity 4859K, committed 4864K, reserved 1048576K
Event: 14.761 GC heap after
Heap after GC invocations=10 (full 1):
 PSYoungGen      total 83456K, used 9699K [0x00000000e0000000, 0x00000000e7680000, 0x0000000100000000)
  eden space 73728K, 0% used [0x00000000e0000000,0x00000000e0000000,0x00000000e4800000)
  from space 9728K, 99% used [0x00000000e4800000,0x00000000e5178c10,0x00000000e5180000)
  to   space 11264K, 0% used [0x00000000e6b80000,0x00000000e6b80000,0x00000000e7680000)
 ParOldGen       total 66560K, used 12603K [0x00000000a0000000, 0x00000000a4100000, 0x00000000e0000000)
  object space 66560K, 18% used [0x00000000a0000000,0x00000000a0c4ec48,0x00000000a4100000)
 Metaspace       used 34641K, capacity 35176K, committed 35496K, reserved 1079296K
  class space    used 4737K, capacity 4859K, committed 4864K, reserved 1048576K
}
Event: 14.761 GC heap before
{Heap before GC invocations=11 (full 2):
 PSYoungGen      total 83456K, used 9699K [0x00000000e0000000, 0x00000000e7680000, 0x0000000100000000)
  eden space 73728K, 0% used [0x00000000e0000000,0x00000000e0000000,0x00000000e4800000)
  from space 9728K, 99% used [0x00000000e4800000,0x00000000e5178c10,0x00000000e5180000)
  to   space 11264K, 0% used [0x00000000e6b80000,0x00000000e6b80000,0x00000000e7680000)
 ParOldGen       total 66560K, used 12603K [0x00000000a0000000, 0x00000000a4100000, 0x00000000e0000000)
  object space 66560K, 18% used [0x00000000a0000000,0x00000000a0c4ec48,0x00000000a4100000)
 Metaspace       used 34641K, capacity 35176K, committed 35496K, reserved 1079296K
  class space    used 4737K, capacity 4859K, committed 4864K, reserved 1048576K
Event: 14.928 GC heap after
Heap after GC invocations=11 (full 2):
 PSYoungGen      total 83456K, used 0K [0x00000000e0000000, 0x00000000e7680000, 0x0000000100000000)
  eden space 73728K, 0% used [0x00000000e0000000,0x00000000e0000000,0x00000000e4800000)
  from space 9728K, 0% used [0x00000000e4800000,0x00000000e4800000,0x00000000e5180000)
  to   space 11264K, 0% used [0x00000000e6b80000,0x00000000e6b80000,0x00000000e7680000)
 ParOldGen       total 99328K, used 17755K [0x00000000a0000000, 0x00000000a6100000, 0x00000000e0000000)
  object space 99328K, 17% used [0x00000000a0000000,0x00000000a1156f00,0x00000000a6100000)
 Metaspace       used 34641K, capacity 35176K, committed 35496K, reserved 1079296K
  class space    used 4737K, capacity 4859K, committed 4864K, reserved 1048576K
}
Event: 18.454 GC heap before
{Heap before GC invocations=12 (full 2):
 PSYoungGen      total 83456K, used 73728K [0x00000000e0000000, 0x00000000e7680000, 0x0000000100000000)
  eden space 73728K, 100% used [0x00000000e0000000,0x00000000e4800000,0x00000000e4800000)
  from space 9728K, 0% used [0x00000000e4800000,0x00000000e4800000,0x00000000e5180000)
  to   space 11264K, 0% used [0x00000000e6b80000,0x00000000e6b80000,0x00000000e7680000)
 ParOldGen       total 99328K, used 17755K [0x00000000a0000000, 0x00000000a6100000, 0x00000000e0000000)
  object space 99328K, 17% used [0x00000000a0000000,0x00000000a1156f00,0x00000000a6100000)
 Metaspace       used 41488K, capacity 42256K, committed 42496K, reserved 1085440K
  class space    used 5660K, capacity 5868K, committed 5888K, reserved 1048576K
Event: 18.478 GC heap after
Heap after GC invocations=12 (full 2):
 PSYoungGen      total 100352K, used 7587K [0x00000000e0000000, 0x00000000e7300000, 0x0000000100000000)
  eden space 92672K, 0% used [0x00000000e0000000,0x00000000e0000000,0x00000000e5a80000)
  from space 7680K, 98% used [0x00000000e6b80000,0x00000000e72e8f40,0x00000000e7300000)
  to   space 11264K, 0% used [0x00000000e5d00000,0x00000000e5d00000,0x00000000e6800000)
 ParOldGen       total 99328K, used 17827K [0x00000000a0000000, 0x00000000a6100000, 0x00000000e0000000)
  object space 99328K, 17% used [0x00000000a0000000,0x00000000a1168f10,0x00000000a6100000)
 Metaspace       used 41488K, capacity 42256K, committed 42496K, reserved 1085440K
  class space    used 5660K, capacity 5868K, committed 5888K, reserved 1048576K
}

