# JRE version: Java(TM) SE Runtime Environment (8.0_74-b02) (build 1.8.0_74-b02)
# Java VM: Java HotSpot(TM) 64-Bit Server VM (25.74-b02 mixed mode windows-amd64 compressed oops)
Heap:
 PSYoungGen      total 138240K, used 27679K [0x00000000e0000000, 0x00000000e9f00000, 0x0000000100000000)
  eden space 126976K, 13% used [0x00000000e0000000,0x00000000e10d78f0,0x00000000e7c00000)
  from space 11264K, 92% used [0x00000000e7c00000,0x00000000e8630618,0x00000000e8700000)
  to   space 11264K, 0% used [0x00000000e8700000,0x00000000e8700000,0x00000000e9200000)
 ParOldGen       total 65024K, used 14998K [0x00000000a0000000, 0x00000000a3f80000, 0x00000000e0000000)
  object space 65024K, 23% used [0x00000000a0000000,0x00000000a0ea5938,0x00000000a3f80000)
 Metaspace       used 43452K, capacity 44386K, committed 44544K, reserved 1087488K
  class space    used 5911K, capacity 6133K, committed 6144K, reserved 1048576K
GC Heap History (10 events):
Event: 5.792 GC heap before
{Heap before GC invocations=7 (full 1):
 PSYoungGen      total 71680K, used 71664K [0x00000000e0000000, 0x00000000e7080000, 0x0000000100000000)
  eden space 66560K, 100% used [0x00000000e0000000,0x00000000e4100000,0x00000000e4100000)
  from space 5120K, 99% used [0x00000000e4100000,0x00000000e45fc128,0x00000000e4600000)
  to   space 10240K, 0% used [0x00000000e6680000,0x00000000e6680000,0x00000000e7080000)
 ParOldGen       total 65024K, used 10805K [0x00000000a0000000, 0x00000000a3f80000, 0x00000000e0000000)
  object space 65024K, 16% used [0x00000000a0000000,0x00000000a0a8d7e0,0x00000000a3f80000)
 Metaspace       used 28064K, capacity 28486K, committed 28672K, reserved 1073152K
  class space    used 3889K, capacity 4035K, committed 4096K, reserved 1048576K
Event: 5.801 GC heap after
Heap after GC invocations=7 (full 1):
 PSYoungGen      total 99840K, used 5590K [0x00000000e0000000, 0x00000000e6e00000, 0x0000000100000000)
  eden space 92160K, 0% used [0x00000000e0000000,0x00000000e0000000,0x00000000e5a00000)
  from space 7680K, 72% used [0x00000000e6680000,0x00000000e6bf5ae0,0x00000000e6e00000)
  to   space 10240K, 0% used [0x00000000e5a00000,0x00000000e5a00000,0x00000000e6400000)
 ParOldGen       total 65024K, used 10813K [0x00000000a0000000, 0x00000000a3f80000, 0x00000000e0000000)
  object space 65024K, 16% used [0x00000000a0000000,0x00000000a0a8f7e0,0x00000000a3f80000)
 Metaspace       used 28064K, capacity 28486K, committed 28672K, reserved 1073152K
  class space    used 3889K, capacity 4035K, committed 4096K, reserved 1048576K
}
Event: 7.417 GC heap before
{Heap before GC invocations=8 (full 1):
 PSYoungGen      total 99840K, used 97750K [0x00000000e0000000, 0x00000000e6e00000, 0x0000000100000000)
  eden space 92160K, 100% used [0x00000000e0000000,0x00000000e5a00000,0x00000000e5a00000)
  from space 7680K, 72% used [0x00000000e6680000,0x00000000e6bf5ae0,0x00000000e6e00000)
  to   space 10240K, 0% used [0x00000000e5a00000,0x00000000e5a00000,0x00000000e6400000)
 ParOldGen       total 65024K, used 10813K [0x00000000a0000000, 0x00000000a3f80000, 0x00000000e0000000)
  object space 65024K, 16% used [0x00000000a0000000,0x00000000a0a8f7e0,0x00000000a3f80000)
 Metaspace       used 33210K, capacity 33862K, committed 34176K, reserved 1079296K
  class space    used 4543K, capacity 4726K, committed 4736K, reserved 1048576K
Event: 7.438 GC heap after
Heap after GC invocations=8 (full 1):
 PSYoungGen      total 102400K, used 10212K [0x00000000e0000000, 0x00000000e9200000, 0x0000000100000000)
  eden space 92160K, 0% used [0x00000000e0000000,0x00000000e0000000,0x00000000e5a00000)
  from space 10240K, 99% used [0x00000000e5a00000,0x00000000e63f9218,0x00000000e6400000)
  to   space 11264K, 0% used [0x00000000e8700000,0x00000000e8700000,0x00000000e9200000)
 ParOldGen       total 65024K, used 10821K [0x00000000a0000000, 0x00000000a3f80000, 0x00000000e0000000)
  object space 65024K, 16% used [0x00000000a0000000,0x00000000a0a917e0,0x00000000a3f80000)
 Metaspace       used 33210K, capacity 33862K, committed 34176K, reserved 1079296K
  class space    used 4543K, capacity 4726K, committed 4736K, reserved 1048576K
}
Event: 7.687 GC heap before
{Heap before GC invocations=9 (full 1):
 PSYoungGen      total 102400K, used 25803K [0x00000000e0000000, 0x00000000e9200000, 0x0000000100000000)
  eden space 92160K, 16% used [0x00000000e0000000,0x00000000e0f39bb0,0x00000000e5a00000)
  from space 10240K, 99% used [0x00000000e5a00000,0x00000000e63f9218,0x00000000e6400000)
  to   space 11264K, 0% used [0x00000000e8700000,0x00000000e8700000,0x00000000e9200000)
 ParOldGen       total 65024K, used 10821K [0x00000000a0000000, 0x00000000a3f80000, 0x00000000e0000000)
  object space 65024K, 16% used [0x00000000a0000000,0x00000000a0a917e0,0x00000000a3f80000)
 Metaspace       used 34620K, capacity 35178K, committed 35496K, reserved 1079296K
  class space    used 4735K, capacity 4860K, committed 4864K, reserved 1048576K
Event: 7.703 GC heap after
Heap after GC invocations=9 (full 1):
 PSYoungGen      total 138240K, used 7903K [0x00000000e0000000, 0x00000000e9f00000, 0x0000000100000000)
  eden space 126976K, 0% used [0x00000000e0000000,0x00000000e0000000,0x00000000e7c00000)
  from space 11264K, 70% used [0x00000000e8700000,0x00000000e8eb7cf0,0x00000000e9200000)
  to   space 11264K, 0% used [0x00000000e7c00000,0x00000000e7c00000,0x00000000e8700000)
 ParOldGen       total 65024K, used 10829K [0x00000000a0000000, 0x00000000a3f80000, 0x00000000e0000000)
  object space 65024K, 16% used [0x00000000a0000000,0x00000000a0a937e0,0x00000000a3f80000)
 Metaspace       used 34620K, capacity 35178K, committed 35496K, reserved 1079296K
  class space    used 4735K, capacity 4860K, committed 4864K, reserved 1048576K
}
Event: 7.703 GC heap before
{Heap before GC invocations=10 (full 2):
 PSYoungGen      total 138240K, used 7903K [0x00000000e0000000, 0x00000000e9f00000, 0x0000000100000000)
  eden space 126976K, 0% used [0x00000000e0000000,0x00000000e0000000,0x00000000e7c00000)
  from space 11264K, 70% used [0x00000000e8700000,0x00000000e8eb7cf0,0x00000000e9200000)
  to   space 11264K, 0% used [0x00000000e7c00000,0x00000000e7c00000,0x00000000e8700000)
 ParOldGen       total 65024K, used 10829K [0x00000000a0000000, 0x00000000a3f80000, 0x00000000e0000000)
  object space 65024K, 16% used [0x00000000a0000000,0x00000000a0a937e0,0x00000000a3f80000)
 Metaspace       used 34620K, capacity 35178K, committed 35496K, reserved 1079296K
  class space    used 4735K, capacity 4860K, committed 4864K, reserved 1048576K
Event: 7.820 GC heap after
Heap after GC invocations=10 (full 2):
 PSYoungGen      total 138240K, used 0K [0x00000000e0000000, 0x00000000e9f00000, 0x0000000100000000)
  eden space 126976K, 0% used [0x00000000e0000000,0x00000000e0000000,0x00000000e7c00000)
  from space 11264K, 0% used [0x00000000e8700000,0x00000000e8700000,0x00000000e9200000)
  to   space 11264K, 0% used [0x00000000e7c00000,0x00000000e7c00000,0x00000000e8700000)
 ParOldGen       total 65024K, used 14926K [0x00000000a0000000, 0x00000000a3f80000, 0x00000000e0000000)
  object space 65024K, 22% used [0x00000000a0000000,0x00000000a0e93928,0x00000000a3f80000)
 Metaspace       used 34620K, capacity 35178K, committed 35496K, reserved 1079296K
  class space    used 4735K, capacity 4860K, committed 4864K, reserved 1048576K
}
Event: 9.307 GC heap before
{Heap before GC invocations=11 (full 2):
 PSYoungGen      total 138240K, used 126976K [0x00000000e0000000, 0x00000000e9f00000, 0x0000000100000000)
  eden space 126976K, 100% used [0x00000000e0000000,0x00000000e7c00000,0x00000000e7c00000)
  from space 11264K, 0% used [0x00000000e8700000,0x00000000e8700000,0x00000000e9200000)
  to   space 11264K, 0% used [0x00000000e7c00000,0x00000000e7c00000,0x00000000e8700000)
 ParOldGen       total 65024K, used 14926K [0x00000000a0000000, 0x00000000a3f80000, 0x00000000e0000000)
  object space 65024K, 22% used [0x00000000a0000000,0x00000000a0e93928,0x00000000a3f80000)
 Metaspace       used 42662K, capacity 43518K, committed 43904K, reserved 1087488K
  class space    used 5788K, capacity 6011K, committed 6016K, reserved 1048576K
Event: 9.330 GC heap after
Heap after GC invocations=11 (full 2):
 PSYoungGen      total 138240K, used 10433K [0x00000000e0000000, 0x00000000e9f00000, 0x0000000100000000)
  eden space 126976K, 0% used [0x00000000e0000000,0x00000000e0000000,0x00000000e7c00000)
  from space 11264K, 92% used [0x00000000e7c00000,0x00000000e8630618,0x00000000e8700000)
  to   space 11264K, 0% used [0x00000000e8700000,0x00000000e8700000,0x00000000e9200000)
 ParOldGen       total 65024K, used 14998K [0x00000000a0000000, 0x00000000a3f80000, 0x00000000e0000000)
  object space 65024K, 23% used [0x00000000a0000000,0x00000000a0ea5938,0x00000000a3f80000)
 Metaspace       used 42662K, capacity 43518K, committed 43904K, reserved 1087488K
  class space    used 5788K, capacity 6011K, committed 6016K, reserved 1048576K
}

