# JRE version: Java(TM) SE Runtime Environment (8.0_74-b02) (build 1.8.0_74-b02)
# Java VM: Java HotSpot(TM) 64-Bit Server VM (25.74-b02 mixed mode windows-amd64 compressed oops)
Heap:
 PSYoungGen      total 342528K, used 206297K [0x00000000e0000000, 0x00000000fbe80000, 0x0000000100000000)
  eden space 281600K, 51% used [0x00000000e0000000,0x00000000e8df7038,0x00000000f1300000)
  from space 60928K, 99% used [0x00000000f5e80000,0x00000000f99ff628,0x00000000f9a00000)
  to   space 77312K, 0% used [0x00000000f1300000,0x00000000f1300000,0x00000000f5e80000)
 ParOldGen       total 153088K, used 90857K [0x00000000a0000000, 0x00000000a9580000, 0x00000000e0000000)
  object space 153088K, 59% used [0x00000000a0000000,0x00000000a58ba7a0,0x00000000a9580000)
 Metaspace       used 63474K, capacity 65174K, committed 65280K, reserved 1105920K
  class space    used 8277K, capacity 8633K, committed 8704K, reserved 1048576K
GC Heap History (10 events):
Event: 47.214 GC heap before
{Heap before GC invocations=21 (full 3):
 PSYoungGen      total 192512K, used 177307K [0x00000000e0000000, 0x00000000eec80000, 0x0000000100000000)
  eden space 165888K, 100% used [0x00000000e0000000,0x00000000ea200000,0x00000000ea200000)
  from space 26624K, 42% used [0x00000000ea200000,0x00000000ead26d00,0x00000000ebc00000)
  to   space 25088K, 0% used [0x00000000ed400000,0x00000000ed400000,0x00000000eec80000)
 ParOldGen       total 153088K, used 41066K [0x00000000a0000000, 0x00000000a9580000, 0x00000000e0000000)
  object space 153088K, 26% used [0x00000000a0000000,0x00000000a281ab78,0x00000000a9580000)
 Metaspace       used 63059K, capacity 64790K, committed 65024K, reserved 1105920K
  class space    used 8274K, capacity 8633K, committed 8704K, reserved 1048576K
Event: 47.298 GC heap after
Heap after GC invocations=21 (full 3):
 PSYoungGen      total 211968K, used 25073K [0x00000000e0000000, 0x00000000f0200000, 0x0000000100000000)
  eden space 186880K, 0% used [0x00000000e0000000,0x00000000e0000000,0x00000000eb680000)
  from space 25088K, 99% used [0x00000000ed400000,0x00000000eec7c638,0x00000000eec80000)
  to   space 30208K, 0% used [0x00000000eb680000,0x00000000eb680000,0x00000000ed400000)
 ParOldGen       total 153088K, used 44778K [0x00000000a0000000, 0x00000000a9580000, 0x00000000e0000000)
  object space 153088K, 29% used [0x00000000a0000000,0x00000000a2bba980,0x00000000a9580000)
 Metaspace       used 63059K, capacity 64790K, committed 65024K, reserved 1105920K
  class space    used 8274K, capacity 8633K, committed 8704K, reserved 1048576K
}
Event: 48.978 GC heap before
{Heap before GC invocations=22 (full 3):
 PSYoungGen      total 211968K, used 211953K [0x00000000e0000000, 0x00000000f0200000, 0x0000000100000000)
  eden space 186880K, 100% used [0x00000000e0000000,0x00000000eb680000,0x00000000eb680000)
  from space 25088K, 99% used [0x00000000ed400000,0x00000000eec7c638,0x00000000eec80000)
  to   space 30208K, 0% used [0x00000000eb680000,0x00000000eb680000,0x00000000ed400000)
 ParOldGen       total 153088K, used 44778K [0x00000000a0000000, 0x00000000a9580000, 0x00000000e0000000)
  object space 153088K, 29% used [0x00000000a0000000,0x00000000a2bba980,0x00000000a9580000)
 Metaspace       used 63200K, capacity 64918K, committed 65024K, reserved 1105920K
  class space    used 8274K, capacity 8633K, committed 8704K, reserved 1048576K
Event: 49.040 GC heap after
Heap after GC invocations=22 (full 3):
 PSYoungGen      total 217088K, used 30194K [0x00000000e0000000, 0x00000000f3480000, 0x0000000100000000)
  eden space 186880K, 0% used [0x00000000e0000000,0x00000000e0000000,0x00000000eb680000)
  from space 30208K, 99% used [0x00000000eb680000,0x00000000ed3fc828,0x00000000ed400000)
  to   space 41472K, 0% used [0x00000000f0c00000,0x00000000f0c00000,0x00000000f3480000)
 ParOldGen       total 153088K, used 62800K [0x00000000a0000000, 0x00000000a9580000, 0x00000000e0000000)
  object space 153088K, 41% used [0x00000000a0000000,0x00000000a3d541c8,0x00000000a9580000)
 Metaspace       used 63200K, capacity 64918K, committed 65024K, reserved 1105920K
  class space    used 8274K, capacity 8633K, committed 8704K, reserved 1048576K
}
Event: 50.190 GC heap before
{Heap before GC invocations=23 (full 3):
 PSYoungGen      total 217088K, used 217074K [0x00000000e0000000, 0x00000000f3480000, 0x0000000100000000)
  eden space 186880K, 100% used [0x00000000e0000000,0x00000000eb680000,0x00000000eb680000)
  from space 30208K, 99% used [0x00000000eb680000,0x00000000ed3fc828,0x00000000ed400000)
  to   space 41472K, 0% used [0x00000000f0c00000,0x00000000f0c00000,0x00000000f3480000)
 ParOldGen       total 153088K, used 62800K [0x00000000a0000000, 0x00000000a9580000, 0x00000000e0000000)
  object space 153088K, 41% used [0x00000000a0000000,0x00000000a3d541c8,0x00000000a9580000)
 Metaspace       used 63436K, capacity 65174K, committed 65280K, reserved 1105920K
  class space    used 8276K, capacity 8633K, committed 8704K, reserved 1048576K
Event: 50.292 GC heap after
Heap after GC invocations=23 (full 3):
 PSYoungGen      total 267264K, used 41459K [0x00000000e0000000, 0x00000000f4a00000, 0x0000000100000000)
  eden space 225792K, 0% used [0x00000000e0000000,0x00000000e0000000,0x00000000edc80000)
  from space 41472K, 99% used [0x00000000f0c00000,0x00000000f347cf80,0x00000000f3480000)
  to   space 48640K, 0% used [0x00000000edc80000,0x00000000edc80000,0x00000000f0c00000)
 ParOldGen       total 153088K, used 62928K [0x00000000a0000000, 0x00000000a9580000, 0x00000000e0000000)
  object space 153088K, 41% used [0x00000000a0000000,0x00000000a3d74310,0x00000000a9580000)
 Metaspace       used 63436K, capacity 65174K, committed 65280K, reserved 1105920K
  class space    used 8276K, capacity 8633K, committed 8704K, reserved 1048576K
}
Event: 51.108 GC heap before
{Heap before GC invocations=24 (full 3):
 PSYoungGen      total 267264K, used 267251K [0x00000000e0000000, 0x00000000f4a00000, 0x0000000100000000)
  eden space 225792K, 100% used [0x00000000e0000000,0x00000000edc80000,0x00000000edc80000)
  from space 41472K, 99% used [0x00000000f0c00000,0x00000000f347cf80,0x00000000f3480000)
  to   space 48640K, 0% used [0x00000000edc80000,0x00000000edc80000,0x00000000f0c00000)
 ParOldGen       total 153088K, used 62928K [0x00000000a0000000, 0x00000000a9580000, 0x00000000e0000000)
  object space 153088K, 41% used [0x00000000a0000000,0x00000000a3d74310,0x00000000a9580000)
 Metaspace       used 63460K, capacity 65174K, committed 65280K, reserved 1105920K
  class space    used 8276K, capacity 8633K, committed 8704K, reserved 1048576K
Event: 51.212 GC heap after
Heap after GC invocations=24 (full 3):
 PSYoungGen      total 274432K, used 48623K [0x00000000e0000000, 0x00000000f9a00000, 0x0000000100000000)
  eden space 225792K, 0% used [0x00000000e0000000,0x00000000e0000000,0x00000000edc80000)
  from space 48640K, 99% used [0x00000000edc80000,0x00000000f0bfbc78,0x00000000f0c00000)
  to   space 60928K, 0% used [0x00000000f5e80000,0x00000000f5e80000,0x00000000f9a00000)
 ParOldGen       total 153088K, used 75302K [0x00000000a0000000, 0x00000000a9580000, 0x00000000e0000000)
  object space 153088K, 49% used [0x00000000a0000000,0x00000000a4989960,0x00000000a9580000)
 Metaspace       used 63460K, capacity 65174K, committed 65280K, reserved 1105920K
  class space    used 8276K, capacity 8633K, committed 8704K, reserved 1048576K
}
Event: 51.957 GC heap before
{Heap before GC invocations=25 (full 3):
 PSYoungGen      total 274432K, used 274415K [0x00000000e0000000, 0x00000000f9a00000, 0x0000000100000000)
  eden space 225792K, 100% used [0x00000000e0000000,0x00000000edc80000,0x00000000edc80000)
  from space 48640K, 99% used [0x00000000edc80000,0x00000000f0bfbc78,0x00000000f0c00000)
  to   space 60928K, 0% used [0x00000000f5e80000,0x00000000f5e80000,0x00000000f9a00000)
 ParOldGen       total 153088K, used 75302K [0x00000000a0000000, 0x00000000a9580000, 0x00000000e0000000)
  object space 153088K, 49% used [0x00000000a0000000,0x00000000a4989960,0x00000000a9580000)
 Metaspace       used 63465K, capacity 65174K, committed 65280K, reserved 1105920K
  class space    used 8276K, capacity 8633K, committed 8704K, reserved 1048576K
Event: 52.088 GC heap after
Heap after GC invocations=25 (full 3):
 PSYoungGen      total 342528K, used 60925K [0x00000000e0000000, 0x00000000fbe80000, 0x0000000100000000)
  eden space 281600K, 0% used [0x00000000e0000000,0x00000000e0000000,0x00000000f1300000)
  from space 60928K, 99% used [0x00000000f5e80000,0x00000000f99ff628,0x00000000f9a00000)
  to   space 77312K, 0% used [0x00000000f1300000,0x00000000f1300000,0x00000000f5e80000)
 ParOldGen       total 153088K, used 90857K [0x00000000a0000000, 0x00000000a9580000, 0x00000000e0000000)
  object space 153088K, 59% used [0x00000000a0000000,0x00000000a58ba7a0,0x00000000a9580000)
 Metaspace       used 63465K, capacity 65174K, committed 65280K, reserved 1105920K
  class space    used 8276K, capacity 8633K, committed 8704K, reserved 1048576K
}

