# JRE version: Java(TM) SE Runtime Environment (8.0_74-b02) (build 1.8.0_74-b02)
# Java VM: Java HotSpot(TM) 64-Bit Server VM (25.74-b02 mixed mode windows-amd64 compressed oops)
Heap:
 PSYoungGen      total 452096K, used 168452K [0x00000000e0000000, 0x0000000100000000, 0x0000000100000000)
  eden space 379904K, 42% used [0x00000000e0000000,0x00000000e9c8d0e8,0x00000000f7300000)
  from space 72192K, 11% used [0x00000000f7300000,0x00000000f7af41c0,0x00000000fb980000)
  to   space 70144K, 0% used [0x00000000fbb80000,0x00000000fbb80000,0x0000000100000000)
 ParOldGen       total 199168K, used 46362K [0x00000000a0000000, 0x00000000ac280000, 0x00000000e0000000)
  object space 199168K, 23% used [0x00000000a0000000,0x00000000a2d46ac0,0x00000000ac280000)
 Metaspace       used 73290K, capacity 76424K, committed 77312K, reserved 1116160K
  class space    used 9248K, capacity 9704K, committed 9984K, reserved 1048576K
GC Heap History (10 events):
Event: 9052.428 GC heap before
{Heap before GC invocations=50 (full 12):
 PSYoungGen      total 462848K, used 441248K [0x00000000e0000000, 0x00000000fff80000, 0x0000000100000000)
  eden space 416256K, 100% used [0x00000000e0000000,0x00000000f9680000,0x00000000f9680000)
  from space 46592K, 53% used [0x00000000f9680000,0x00000000faee8000,0x00000000fc400000)
  to   space 47616K, 0% used [0x00000000fd100000,0x00000000fd100000,0x00000000fff80000)
 ParOldGen       total 199168K, used 42294K [0x00000000a0000000, 0x00000000ac280000, 0x00000000e0000000)
  object space 199168K, 21% used [0x00000000a0000000,0x00000000a294db20,0x00000000ac280000)
 Metaspace       used 72868K, capacity 75806K, committed 76800K, reserved 1116160K
  class space    used 9202K, capacity 9631K, committed 9984K, reserved 1048576K
Event: 9052.508 GC heap after
Heap after GC invocations=50 (full 12):
 PSYoungGen      total 469504K, used 33272K [0x00000000e0000000, 0x0000000100000000, 0x0000000100000000)
  eden space 421888K, 0% used [0x00000000e0000000,0x00000000e0000000,0x00000000f9c00000)
  from space 47616K, 69% used [0x00000000fd100000,0x00000000ff17e040,0x00000000fff80000)
  to   space 51200K, 0% used [0x00000000f9c00000,0x00000000f9c00000,0x00000000fce00000)
 ParOldGen       total 199168K, used 42294K [0x00000000a0000000, 0x00000000ac280000, 0x00000000e0000000)
  object space 199168K, 21% used [0x00000000a0000000,0x00000000a294db20,0x00000000ac280000)
 Metaspace       used 72868K, capacity 75806K, committed 76800K, reserved 1116160K
  class space    used 9202K, capacity 9631K, committed 9984K, reserved 1048576K
}
Event: 9053.563 GC heap before
{Heap before GC invocations=51 (full 12):
 PSYoungGen      total 469504K, used 455160K [0x00000000e0000000, 0x0000000100000000, 0x0000000100000000)
  eden space 421888K, 100% used [0x00000000e0000000,0x00000000f9c00000,0x00000000f9c00000)
  from space 47616K, 69% used [0x00000000fd100000,0x00000000ff17e040,0x00000000fff80000)
  to   space 51200K, 0% used [0x00000000f9c00000,0x00000000f9c00000,0x00000000fce00000)
 ParOldGen       total 199168K, used 42294K [0x00000000a0000000, 0x00000000ac280000, 0x00000000e0000000)
  object space 199168K, 21% used [0x00000000a0000000,0x00000000a294db20,0x00000000ac280000)
 Metaspace       used 72870K, capacity 75806K, committed 76800K, reserved 1116160K
  class space    used 9202K, capacity 9631K, committed 9984K, reserved 1048576K
Event: 9053.758 GC heap after
Heap after GC invocations=51 (full 12):
 PSYoungGen      total 473088K, used 51168K [0x00000000e0000000, 0x0000000100000000, 0x0000000100000000)
  eden space 421888K, 0% used [0x00000000e0000000,0x00000000e0000000,0x00000000f9c00000)
  from space 51200K, 99% used [0x00000000f9c00000,0x00000000fcdf8360,0x00000000fce00000)
  to   space 51200K, 0% used [0x00000000fce00000,0x00000000fce00000,0x0000000100000000)
 ParOldGen       total 199168K, used 74922K [0x00000000a0000000, 0x00000000ac280000, 0x00000000e0000000)
  object space 199168K, 37% used [0x00000000a0000000,0x00000000a492a828,0x00000000ac280000)
 Metaspace       used 72870K, capacity 75806K, committed 76800K, reserved 1116160K
  class space    used 9202K, capacity 9631K, committed 9984K, reserved 1048576K
}
Event: 9056.099 GC heap before
{Heap before GC invocations=52 (full 12):
 PSYoungGen      total 473088K, used 473043K [0x00000000e0000000, 0x0000000100000000, 0x0000000100000000)
  eden space 421888K, 99% used [0x00000000e0000000,0x00000000f9bfcb70,0x00000000f9c00000)
  from space 51200K, 99% used [0x00000000f9c00000,0x00000000fcdf8360,0x00000000fce00000)
  to   space 51200K, 0% used [0x00000000fce00000,0x00000000fce00000,0x0000000100000000)
 ParOldGen       total 199168K, used 74922K [0x00000000a0000000, 0x00000000ac280000, 0x00000000e0000000)
  object space 199168K, 37% used [0x00000000a0000000,0x00000000a492a828,0x00000000ac280000)
 Metaspace       used 72896K, capacity 75828K, committed 76800K, reserved 1116160K
  class space    used 9204K, capacity 9634K, committed 9984K, reserved 1048576K
Event: 9056.165 GC heap after
Heap after GC invocations=52 (full 12):
 PSYoungGen      total 431104K, used 35076K [0x00000000e0000000, 0x0000000100000000, 0x0000000100000000)
  eden space 379904K, 0% used [0x00000000e0000000,0x00000000e0000000,0x00000000f7300000)
  from space 51200K, 68% used [0x00000000fce00000,0x00000000ff041110,0x0000000100000000)
  to   space 72192K, 0% used [0x00000000f7300000,0x00000000f7300000,0x00000000fb980000)
 ParOldGen       total 199168K, used 74922K [0x00000000a0000000, 0x00000000ac280000, 0x00000000e0000000)
  object space 199168K, 37% used [0x00000000a0000000,0x00000000a492a828,0x00000000ac280000)
 Metaspace       used 72896K, capacity 75828K, committed 76800K, reserved 1116160K
  class space    used 9204K, capacity 9634K, committed 9984K, reserved 1048576K
}
Event: 9056.165 GC heap before
{Heap before GC invocations=53 (full 13):
 PSYoungGen      total 431104K, used 35076K [0x00000000e0000000, 0x0000000100000000, 0x0000000100000000)
  eden space 379904K, 0% used [0x00000000e0000000,0x00000000e0000000,0x00000000f7300000)
  from space 51200K, 68% used [0x00000000fce00000,0x00000000ff041110,0x0000000100000000)
  to   space 72192K, 0% used [0x00000000f7300000,0x00000000f7300000,0x00000000fb980000)
 ParOldGen       total 199168K, used 74922K [0x00000000a0000000, 0x00000000ac280000, 0x00000000e0000000)
  object space 199168K, 37% used [0x00000000a0000000,0x00000000a492a828,0x00000000ac280000)
 Metaspace       used 72896K, capacity 75828K, committed 76800K, reserved 1116160K
  class space    used 9204K, capacity 9634K, committed 9984K, reserved 1048576K
Event: 9056.552 GC heap after
Heap after GC invocations=53 (full 13):
 PSYoungGen      total 431104K, used 0K [0x00000000e0000000, 0x0000000100000000, 0x0000000100000000)
  eden space 379904K, 0% used [0x00000000e0000000,0x00000000e0000000,0x00000000f7300000)
  from space 51200K, 0% used [0x00000000fce00000,0x00000000fce00000,0x0000000100000000)
  to   space 72192K, 0% used [0x00000000f7300000,0x00000000f7300000,0x00000000fb980000)
 ParOldGen       total 199168K, used 46354K [0x00000000a0000000, 0x00000000ac280000, 0x00000000e0000000)
  object space 199168K, 23% used [0x00000000a0000000,0x00000000a2d44ac0,0x00000000ac280000)
 Metaspace       used 72896K, capacity 75828K, committed 76800K, reserved 1116160K
  class space    used 9204K, capacity 9634K, committed 9984K, reserved 1048576K
}
Event: 9155.513 GC heap before
{Heap before GC invocations=54 (full 13):
 PSYoungGen      total 431104K, used 379176K [0x00000000e0000000, 0x0000000100000000, 0x0000000100000000)
  eden space 379904K, 99% used [0x00000000e0000000,0x00000000f724a3c0,0x00000000f7300000)
  from space 51200K, 0% used [0x00000000fce00000,0x00000000fce00000,0x0000000100000000)
  to   space 72192K, 0% used [0x00000000f7300000,0x00000000f7300000,0x00000000fb980000)
 ParOldGen       total 199168K, used 46354K [0x00000000a0000000, 0x00000000ac280000, 0x00000000e0000000)
  object space 199168K, 23% used [0x00000000a0000000,0x00000000a2d44ac0,0x00000000ac280000)
 Metaspace       used 73100K, capacity 76158K, committed 77056K, reserved 1116160K
  class space    used 9223K, capacity 9661K, committed 9984K, reserved 1048576K
Event: 9155.540 GC heap after
Heap after GC invocations=54 (full 13):
 PSYoungGen      total 452096K, used 8144K [0x00000000e0000000, 0x0000000100000000, 0x0000000100000000)
  eden space 379904K, 0% used [0x00000000e0000000,0x00000000e0000000,0x00000000f7300000)
  from space 72192K, 11% used [0x00000000f7300000,0x00000000f7af41c0,0x00000000fb980000)
  to   space 70144K, 0% used [0x00000000fbb80000,0x00000000fbb80000,0x0000000100000000)
 ParOldGen       total 199168K, used 46362K [0x00000000a0000000, 0x00000000ac280000, 0x00000000e0000000)
  object space 199168K, 23% used [0x00000000a0000000,0x00000000a2d46ac0,0x00000000ac280000)
 Metaspace       used 73100K, capacity 76158K, committed 77056K, reserved 1116160K
  class space    used 9223K, capacity 9661K, committed 9984K, reserved 1048576K
}

